<?xml version="1.0" encoding="UTF-8"?>
<!-- Generated by org.testng.reporters.JUnitReportReporter -->
<testsuite hostname="DESKTOP-NJPOCRI" failures="0" tests="1" name="com.w2a.testcases.LoginTest" time="1.697" errors="0" timestamp="26 Jun 2021 06:02:42 GMT" skipped="0">
  <testcase classname="com.w2a.testcases.LoginTest" name="loginAsManager" time="1.697"/>
</testsuite> <!-- com.w2a.testcases.LoginTest -->
