<?xml version="1.0" encoding="UTF-8"?>
<!-- Generated by org.testng.reporters.JUnitReportReporter -->
<testsuite hostname="DESKTOP-NJPOCRI" failures="0" tests="1" name="com.w2a.testcases.BankManagerLoginTest" time="0.000" errors="0" timestamp="2021-06-28T13:42:04 IST" skipped="1">
  <testcase classname="com.w2a.testcases.BankManagerLoginTest" name="loginAsManager" time="0.000">
    <skipped/>
  </testcase> <!-- loginAsManager -->
  <system-out/>
</testsuite> <!-- com.w2a.testcases.BankManagerLoginTest -->
